<?xml version="1.0" encoding="UTF-8"?>
<coverage generated="1653684617830" clover="3.2.0">
  <project timestamp="1653684617830" name="All files">
    <metrics statements="103" coveredstatements="94" conditionals="59" coveredconditionals="40" methods="40" coveredmethods="39" elements="202" coveredelements="173" complexity="0" loc="103" ncloc="103" packages="1" files="1" classes="1"/>
    <file name="unitTestingTask.js" path="/Users/kirk/Documents/dev/education/task/date-master-task/unitTestingTask.js">
      <metrics statements="103" coveredstatements="94" conditionals="59" coveredconditionals="40" methods="40" coveredmethods="39"/>
      <line num="1" count="1" type="stmt"/>
      <line num="2" count="1" type="cond" truecount="2" falsecount="2"/>
      <line num="3" count="0" type="stmt"/>
      <line num="4" count="0" type="stmt"/>
      <line num="6" count="1" type="cond" truecount="1" falsecount="1"/>
      <line num="7" count="1" type="stmt"/>
      <line num="9" count="0" type="stmt"/>
      <line num="23" count="1" type="stmt"/>
      <line num="24" count="17" type="stmt"/>
      <line num="25" count="17" type="cond" truecount="1" falsecount="1"/>
      <line num="27" count="17" type="cond" truecount="2" falsecount="0"/>
      <line num="28" count="1" type="stmt"/>
      <line num="32" count="16" type="stmt"/>
      <line num="34" count="16" type="stmt"/>
      <line num="37" count="1" type="cond" truecount="2" falsecount="0"/>
      <line num="39" count="1" type="stmt"/>
      <line num="41" count="3" type="stmt"/>
      <line num="44" count="1" type="stmt"/>
      <line num="47" count="1" type="stmt"/>
      <line num="50" count="1" type="stmt"/>
      <line num="53" count="3" type="stmt"/>
      <line num="56" count="1" type="stmt"/>
      <line num="59" count="1" type="stmt"/>
      <line num="62" count="1" type="stmt"/>
      <line num="65" count="1" type="stmt"/>
      <line num="68" count="3" type="stmt"/>
      <line num="71" count="1" type="stmt"/>
      <line num="74" count="1" type="stmt"/>
      <line num="77" count="1" type="stmt"/>
      <line num="80" count="1" type="cond" truecount="1" falsecount="1"/>
      <line num="83" count="1" type="cond" truecount="1" falsecount="1"/>
      <line num="86" count="1" type="stmt"/>
      <line num="89" count="1" type="stmt"/>
      <line num="92" count="1" type="stmt"/>
      <line num="95" count="1" type="stmt"/>
      <line num="98" count="1" type="stmt"/>
      <line num="101" count="1" type="stmt"/>
      <line num="104" count="1" type="stmt"/>
      <line num="107" count="1" type="stmt"/>
      <line num="110" count="2" type="stmt"/>
      <line num="111" count="2" type="stmt"/>
      <line num="112" count="2" type="stmt"/>
      <line num="113" count="2" type="cond" truecount="1" falsecount="1"/>
      <line num="115" count="2" type="cond" truecount="2" falsecount="0"/>
      <line num="117" count="2" type="stmt"/>
      <line num="120" count="1" type="stmt"/>
      <line num="124" count="1" type="stmt"/>
      <line num="125" count="1" type="stmt"/>
      <line num="126" count="25" type="cond" truecount="1" falsecount="1"/>
      <line num="127" count="25" type="stmt"/>
      <line num="130" count="1" type="stmt"/>
      <line num="171" count="3" type="cond" truecount="4" falsecount="0"/>
      <line num="172" count="1" type="stmt"/>
      <line num="175" count="2" type="cond" truecount="3" falsecount="3"/>
      <line num="176" count="0" type="stmt"/>
      <line num="179" count="2" type="cond" truecount="4" falsecount="2"/>
      <line num="181" count="2" type="stmt"/>
      <line num="183" count="2" type="cond" truecount="1" falsecount="1"/>
      <line num="184" count="0" type="stmt"/>
      <line num="186" count="2" type="stmt"/>
      <line num="187" count="6" type="stmt"/>
      <line num="197" count="1" type="stmt"/>
      <line num="207" count="1" type="stmt"/>
      <line num="208" count="10" type="cond" truecount="2" falsecount="0"/>
      <line num="209" count="8" type="stmt"/>
      <line num="212" count="2" type="cond" truecount="2" falsecount="0"/>
      <line num="213" count="1" type="cond" truecount="3" falsecount="1"/>
      <line num="214" count="0" type="stmt"/>
      <line num="215" count="1" type="cond" truecount="1" falsecount="1"/>
      <line num="216" count="1" type="stmt"/>
      <line num="217" count="1" type="stmt"/>
      <line num="218" count="0" type="stmt"/>
      <line num="220" count="1" type="stmt"/>
      <line num="223" count="0" type="stmt"/>
      <line num="226" count="1" type="stmt"/>
      <line num="227" count="1" type="stmt"/>
      <line num="228" count="1" type="stmt"/>
      <line num="232" count="1" type="stmt"/>
      <line num="235" count="1" type="stmt"/>
      <line num="239" count="1" type="stmt"/>
      <line num="245" count="2" type="cond" truecount="1" falsecount="1"/>
      <line num="246" count="2" type="cond" truecount="2" falsecount="0"/>
      <line num="248" count="0" type="cond" truecount="0" falsecount="2"/>
      <line num="258" count="1" type="stmt"/>
      <line num="259" count="5" type="stmt"/>
      <line num="260" count="1" type="cond" truecount="3" falsecount="0"/>
      <line num="261" count="1" type="stmt"/>
      <line num="262" count="1" type="stmt"/>
      <line num="271" count="1" type="stmt"/>
      <line num="291" count="1" type="stmt"/>
      <line num="292" count="4" type="stmt"/>
      <line num="293" count="4" type="stmt"/>
      <line num="301" count="1" type="stmt"/>
      <line num="302" count="1" type="stmt"/>
      <line num="306" count="1" type="stmt"/>
      <line num="307" count="1" type="stmt"/>
      <line num="308" count="1" type="stmt"/>
      <line num="309" count="1" type="stmt"/>
      <line num="312" count="1" type="stmt"/>
      <line num="319" count="1" type="stmt"/>
      <line num="320" count="1" type="stmt"/>
      <line num="321" count="1" type="stmt"/>
      <line num="324" count="1" type="stmt"/>
    </file>
  </project>
</coverage>
