TN:
SF:unitTestingTask.js
FN:1,(anonymous_0)
FN:3,(anonymous_1)
FN:11,(anonymous_2)
FN:23,(anonymous_3)
FN:40,(anonymous_4)
FN:43,(anonymous_5)
FN:46,(anonymous_6)
FN:49,(anonymous_7)
FN:52,(anonymous_8)
FN:55,(anonymous_9)
FN:58,(anonymous_10)
FN:61,(anonymous_11)
FN:64,(anonymous_12)
FN:67,(anonymous_13)
FN:70,(anonymous_14)
FN:73,(anonymous_15)
FN:76,(anonymous_16)
FN:79,(anonymous_17)
FN:82,(anonymous_18)
FN:85,(anonymous_19)
FN:88,(anonymous_20)
FN:91,(anonymous_21)
FN:94,(anonymous_22)
FN:97,(anonymous_23)
FN:100,(anonymous_24)
FN:103,(anonymous_25)
FN:106,(anonymous_26)
FN:109,(anonymous_27)
FN:119,(anonymous_28)
FN:170,unitTestingTask
FN:186,(anonymous_30)
FN:207,(anonymous_31)
FN:234,(anonymous_32)
FN:238,(anonymous_33)
FN:244,(anonymous_34)
FN:258,(anonymous_35)
FN:259,(anonymous_36)
FN:291,(anonymous_37)
FN:301,(anonymous_38)
FN:319,(anonymous_39)
FNF:40
FNH:39
FNDA:1,(anonymous_0)
FNDA:0,(anonymous_1)
FNDA:1,(anonymous_2)
FNDA:17,(anonymous_3)
FNDA:3,(anonymous_4)
FNDA:1,(anonymous_5)
FNDA:1,(anonymous_6)
FNDA:1,(anonymous_7)
FNDA:3,(anonymous_8)
FNDA:1,(anonymous_9)
FNDA:1,(anonymous_10)
FNDA:1,(anonymous_11)
FNDA:1,(anonymous_12)
FNDA:3,(anonymous_13)
FNDA:1,(anonymous_14)
FNDA:1,(anonymous_15)
FNDA:1,(anonymous_16)
FNDA:1,(anonymous_17)
FNDA:1,(anonymous_18)
FNDA:1,(anonymous_19)
FNDA:1,(anonymous_20)
FNDA:1,(anonymous_21)
FNDA:1,(anonymous_22)
FNDA:1,(anonymous_23)
FNDA:1,(anonymous_24)
FNDA:1,(anonymous_25)
FNDA:1,(anonymous_26)
FNDA:2,(anonymous_27)
FNDA:1,(anonymous_28)
FNDA:3,unitTestingTask
FNDA:6,(anonymous_30)
FNDA:10,(anonymous_31)
FNDA:1,(anonymous_32)
FNDA:1,(anonymous_33)
FNDA:2,(anonymous_34)
FNDA:5,(anonymous_35)
FNDA:1,(anonymous_36)
FNDA:4,(anonymous_37)
FNDA:1,(anonymous_38)
FNDA:1,(anonymous_39)
DA:1,1
DA:2,1
DA:3,0
DA:4,0
DA:6,1
DA:7,1
DA:9,0
DA:23,1
DA:24,17
DA:25,17
DA:27,17
DA:28,1
DA:32,16
DA:34,16
DA:37,1
DA:39,1
DA:41,3
DA:44,1
DA:47,1
DA:50,1
DA:53,3
DA:56,1
DA:59,1
DA:62,1
DA:65,1
DA:68,3
DA:71,1
DA:74,1
DA:77,1
DA:80,1
DA:83,1
DA:86,1
DA:89,1
DA:92,1
DA:95,1
DA:98,1
DA:101,1
DA:104,1
DA:107,1
DA:110,2
DA:111,2
DA:112,2
DA:113,2
DA:115,2
DA:117,2
DA:120,1
DA:124,1
DA:125,1
DA:126,25
DA:127,25
DA:130,1
DA:171,3
DA:172,1
DA:175,2
DA:176,0
DA:179,2
DA:181,2
DA:183,2
DA:184,0
DA:186,2
DA:187,6
DA:197,1
DA:207,1
DA:208,10
DA:209,8
DA:212,2
DA:213,1
DA:214,0
DA:215,1
DA:216,1
DA:217,1
DA:218,0
DA:220,1
DA:223,0
DA:226,1
DA:227,1
DA:228,1
DA:232,1
DA:235,1
DA:239,1
DA:245,2
DA:246,2
DA:248,0
DA:258,1
DA:259,5
DA:260,1
DA:261,1
DA:262,1
DA:271,1
DA:291,1
DA:292,4
DA:293,4
DA:301,1
DA:302,1
DA:306,1
DA:307,1
DA:308,1
DA:309,1
DA:312,1
DA:319,1
DA:320,1
DA:321,1
DA:324,1
LF:103
LH:94
BRDA:2,0,0,0
BRDA:2,0,1,1
BRDA:2,1,0,1
BRDA:2,1,1,0
BRDA:6,2,0,1
BRDA:6,2,1,0
BRDA:25,3,0,0
BRDA:25,3,1,17
BRDA:27,4,0,1
BRDA:27,4,1,16
BRDA:37,5,0,1
BRDA:37,5,1,1
BRDA:80,6,0,1
BRDA:80,6,1,0
BRDA:83,7,0,1
BRDA:83,7,1,0
BRDA:113,8,0,2
BRDA:113,8,1,0
BRDA:115,9,0,2
BRDA:115,9,1,1
BRDA:126,10,0,25
BRDA:126,10,1,0
BRDA:171,11,0,1
BRDA:171,11,1,2
BRDA:171,12,0,3
BRDA:171,12,1,2
BRDA:175,13,0,0
BRDA:175,13,1,2
BRDA:175,14,0,2
BRDA:175,14,1,2
BRDA:175,14,2,0
BRDA:175,14,3,0
BRDA:179,15,0,2
BRDA:179,15,1,0
BRDA:179,16,0,2
BRDA:179,16,1,2
BRDA:179,17,0,2
BRDA:179,17,1,0
BRDA:183,18,0,0
BRDA:183,18,1,2
BRDA:208,19,0,8
BRDA:208,19,1,2
BRDA:212,20,0,1
BRDA:212,20,1,1
BRDA:213,21,0,0
BRDA:213,21,1,1
BRDA:213,22,0,1
BRDA:213,22,1,1
BRDA:215,23,0,1
BRDA:215,23,1,0
BRDA:245,24,0,2
BRDA:245,24,1,0
BRDA:246,25,0,1
BRDA:246,25,1,1
BRDA:248,26,0,0
BRDA:248,26,1,0
BRDA:260,27,0,1
BRDA:260,27,1,1
BRDA:260,27,2,1
BRF:59
BRH:40
end_of_record
